mode: atomic
glacial-structures/array/add_slice_of_numbers.go:5.51,11.38 3 7
glacial-structures/array/add_slice_of_numbers.go:11.38,13.12 2 12
glacial-structures/array/add_slice_of_numbers.go:13.12,16.4 2 5
glacial-structures/array/add_slice_of_numbers.go:17.3,17.20 1 12
glacial-structures/array/add_slice_of_numbers.go:17.20,20.4 2 8
glacial-structures/array/add_slice_of_numbers.go:23.2,23.11 1 7
glacial-structures/array/add_slice_of_numbers.go:23.11,25.3 1 3
glacial-structures/array/add_slice_of_numbers.go:27.2,27.13 1 7
glacial-structures/array/add_slice_of_numbers.go:31.48,33.24 2 7
glacial-structures/array/add_slice_of_numbers.go:33.24,35.28 2 2
glacial-structures/array/add_slice_of_numbers.go:35.28,37.4 1 1
glacial-structures/array/add_slice_of_numbers.go:37.9,39.4 1 1
glacial-structures/array/add_slice_of_numbers.go:42.2,42.19 1 7
glacial-structures/array/add_slice_of_numbers.go:45.28,46.11 1 7
glacial-structures/array/add_slice_of_numbers.go:46.11,48.3 1 1
glacial-structures/array/add_slice_of_numbers.go:49.2,49.14 1 6
glacial-structures/bit/addition_without_operation.go:6.45,7.13 1 6
glacial-structures/bit/addition_without_operation.go:7.13,14.3 5 75
glacial-structures/bit/addition_without_operation.go:15.2,15.10 1 6
glacial-structures/cmd/main.go:8.13,15.2 4 0
