mode: atomic
glacial-structures/array/add_slice_of_numbers.go:5.51,10.38 3 7
glacial-structures/array/add_slice_of_numbers.go:10.38,12.12 2 12
glacial-structures/array/add_slice_of_numbers.go:12.12,15.4 2 5
glacial-structures/array/add_slice_of_numbers.go:16.3,16.20 1 12
glacial-structures/array/add_slice_of_numbers.go:16.20,19.4 2 8
glacial-structures/array/add_slice_of_numbers.go:21.2,21.11 1 7
glacial-structures/array/add_slice_of_numbers.go:21.11,23.3 1 3
glacial-structures/array/add_slice_of_numbers.go:25.2,25.13 1 7
glacial-structures/array/add_slice_of_numbers.go:28.48,30.24 2 7
glacial-structures/array/add_slice_of_numbers.go:30.24,32.28 2 2
glacial-structures/array/add_slice_of_numbers.go:32.28,34.4 1 1
glacial-structures/array/add_slice_of_numbers.go:34.9,36.4 1 1
glacial-structures/array/add_slice_of_numbers.go:38.2,38.19 1 7
glacial-structures/array/add_slice_of_numbers.go:41.28,42.11 1 7
glacial-structures/array/add_slice_of_numbers.go:42.11,44.3 1 1
glacial-structures/array/add_slice_of_numbers.go:45.2,45.14 1 6
glacial-structures/bit/addition_without_operation.go:3.55,4.13 1 6
glacial-structures/bit/addition_without_operation.go:4.13,9.3 4 75
glacial-structures/bit/addition_without_operation.go:10.2,10.10 1 6
glacial-structures/bit/divition_without_operation.go:4.27,10.20 5 4
glacial-structures/bit/divition_without_operation.go:10.20,11.25 1 6
glacial-structures/bit/divition_without_operation.go:11.25,14.4 2 94
glacial-structures/bit/divition_without_operation.go:15.3,16.21 2 6
glacial-structures/bit/divition_without_operation.go:18.2,18.17 1 4
glacial-structures/array/sort/bubble_sort.go:46.41,48.27 2 6
glacial-structures/array/sort/bubble_sort.go:48.27,50.30 2 9
glacial-structures/array/sort/bubble_sort.go:50.30,51.29 1 25
glacial-structures/array/sort/bubble_sort.go:51.29,54.5 2 13
glacial-structures/array/sort/bubble_sort.go:56.3,56.15 1 9
glacial-structures/array/sort/bubble_sort.go:56.15,57.9 1 3
glacial-structures/array/sort/bubble_sort.go:60.2,60.14 1 6
glacial-structures/array/sort/insertion_sort.go:3.38,4.34 1 0
glacial-structures/array/sort/insertion_sort.go:4.35,5.3 0 0
glacial-structures/array/sort/selection_sort.go:47.44,49.36 2 6
glacial-structures/array/sort/selection_sort.go:49.36,52.39 3 14
glacial-structures/array/sort/selection_sort.go:52.39,53.34 1 32
glacial-structures/array/sort/selection_sort.go:53.34,55.5 1 9
glacial-structures/array/sort/selection_sort.go:57.3,57.68 1 14
glacial-structures/array/sort/selection_sort.go:59.2,59.14 1 6
glacial-structures/linkedlist/basic.go:16.43,17.2 0 0
glacial-structures/linkedlist/basic.go:20.41,23.19 2 0
glacial-structures/linkedlist/basic.go:23.19,27.3 3 0
glacial-structures/linkedlist/basic.go:29.2,30.26 2 0
glacial-structures/linkedlist/basic.go:30.26,32.3 1 0
glacial-structures/linkedlist/basic.go:33.2,34.10 2 0
glacial-structures/linkedlist/basic.go:38.50,41.31 3 0
glacial-structures/linkedlist/basic.go:41.31,44.3 2 0
glacial-structures/linkedlist/basic.go:45.2,46.22 2 0
glacial-structures/linkedlist/basic.go:50.36,51.24 1 0
glacial-structures/linkedlist/basic.go:51.24,53.3 1 0
glacial-structures/linkedlist/basic.go:54.2,54.22 1 0
glacial-structures/linkedlist/basic.go:58.35,61.32 2 0
glacial-structures/linkedlist/basic.go:61.32,63.3 1 0
glacial-structures/linkedlist/basic.go:64.2,64.20 1 0
glacial-structures/linkedlist/basic.go:68.42,70.31 2 0
glacial-structures/linkedlist/basic.go:70.31,72.3 1 0
glacial-structures/linkedlist/basic.go:73.2,73.34 1 0
glacial-structures/linkedlist/basic.go:77.42,80.30 2 0
glacial-structures/linkedlist/basic.go:80.30,81.28 1 0
glacial-structures/linkedlist/basic.go:81.28,83.4 1 0
glacial-structures/linkedlist/basic.go:84.3,84.25 1 0
glacial-structures/linkedlist/basic.go:87.2,87.10 1 0
glacial-structures/linkedlist/basic.go:91.35,93.2 1 0
glacial-structures/linkedlist/basic.go:96.30,99.21 2 0
glacial-structures/linkedlist/basic.go:99.21,101.3 1 0
